[2018-04-27 15:49:32] [info] Start Program:
Path:"E:\01finance\myapp\RisingSun0428\Debug\RisingSun.exe"
Arguments:
Working directory: "E:\01finance\myapp\RisingSun0428\RisingSun\"
Modules: Selected: E:\01finance\myapp\RisingSun0428\Debug\RisingSun.exe E:\01finance\myapp\RisingSun0428\Debug\readDFCF.dll Excluded: 
Sources: Selected: E:\01finance\myapp\RisingSun0428\RisingSun E:\01finance\myapp\RisingSun0428\readDFCF Excluded: 
Log Level: Normal
Cover Children: 0
Aggregate by file: 1
Continue after C++ exception: 0
Optimized build support: 0
Export: Binary C:\Users\HGIT\AppData\Local\Temp\1n2hb2fj.fqa 
Input coverage: 
Unified diff: 
Excluded line regular expressions: 

[2018-04-27 15:49:33] [info] Module: E:\01finance\myapp\RisingSun0428\Debug\RisingSun.exe is selected because it matches selected pattern: 
[2018-04-27 15:49:33] [info] Module: C:\Windows\SysWOW64\ntdll.dll is skipped because it matches no selected patterns
[2018-04-27 15:49:33] [info] Module: C:\Windows\SysWOW64\kernel32.dll is skipped because it matches no selected patterns
[2018-04-27 15:49:33] [info] Module: C:\Windows\SysWOW64\KernelBase.dll is skipped because it matches no selected patterns
[2018-04-27 15:49:33] [info] Module: C:\Windows\SysWOW64\user32.dll is skipped because it matches no selected patterns
[2018-04-27 15:49:33] [info] Module: C:\Windows\SysWOW64\gdi32.dll is skipped because it matches no selected patterns
[2018-04-27 15:49:33] [info] Module: C:\Windows\SysWOW64\lpk.dll is skipped because it matches no selected patterns
[2018-04-27 15:49:33] [info] Module: C:\Windows\SysWOW64\usp10.dll is skipped because it matches no selected patterns
[2018-04-27 15:49:33] [info] Module: C:\Windows\SysWOW64\msvcrt.dll is skipped because it matches no selected patterns
[2018-04-27 15:49:33] [info] Module: C:\Windows\SysWOW64\advapi32.dll is skipped because it matches no selected patterns
[2018-04-27 15:49:33] [info] Module: C:\Windows\SysWOW64\sechost.dll is skipped because it matches no selected patterns
[2018-04-27 15:49:34] [info] Module: C:\Windows\SysWOW64\rpcrt4.dll is skipped because it matches no selected patterns
[2018-04-27 15:49:34] [info] Module: C:\Windows\SysWOW64\sspicli.dll is skipped because it matches no selected patterns
[2018-04-27 15:49:34] [info] Module: C:\Windows\SysWOW64\cryptbase.dll is skipped because it matches no selected patterns
[2018-04-27 15:49:34] [info] Module: C:\Windows\SysWOW64\vcruntime140d.dll is skipped because it matches no selected patterns
[2018-04-27 15:49:34] [info] Module: C:\Windows\SysWOW64\ucrtbased.dll is skipped because it matches no selected patterns
[2018-04-27 15:49:34] [info] Module: C:\Windows\SysWOW64\api-ms-win-core-localization-l1-2-0.dll is skipped because it matches no selected patterns
[2018-04-27 15:49:34] [info] Module: C:\Windows\SysWOW64\api-ms-win-core-processthreads-l1-1-1.dll is skipped because it matches no selected patterns
[2018-04-27 15:49:34] [info] Module: C:\Windows\SysWOW64\api-ms-win-core-file-l1-2-0.dll is skipped because it matches no selected patterns
[2018-04-27 15:49:34] [info] Module: C:\Windows\SysWOW64\api-ms-win-core-timezone-l1-1-0.dll is skipped because it matches no selected patterns
[2018-04-27 15:49:34] [info] Module: C:\Windows\SysWOW64\api-ms-win-core-file-l2-1-0.dll is skipped because it matches no selected patterns
[2018-04-27 15:49:34] [info] Module: C:\Windows\SysWOW64\api-ms-win-core-synch-l1-2-0.dll is skipped because it matches no selected patterns
[2018-04-27 15:49:34] [info] Module: C:\Windows\SysWOW64\imm32.dll is skipped because it matches no selected patterns
[2018-04-27 15:49:34] [info] Module: C:\Windows\SysWOW64\msctf.dll is skipped because it matches no selected patterns
[2018-04-27 15:49:34] [info] Module: C:\Windows\SysWOW64\ole32.dll is skipped because it matches no selected patterns
[2018-04-27 15:49:34] [info] Module: C:\Windows\SysWOW64\oleaut32.dll is skipped because it matches no selected patterns
[2018-04-27 15:52:46] [info] ----------------------------------------------------
[2018-04-27 15:52:46] [info] Coverage binary generated in file: C:\Users\HGIT\AppData\Local\Temp\1n2hb2fj.fqa
[2018-04-27 15:52:46] [info] ----------------------------------------------------
